<?xml version="1.0" encoding="UTF-8"?>
<testng-results ignored="0" total="2" passed="2" failed="0" skipped="0">
  <reporter-output>
  </reporter-output>
  <suite started-at="2023-09-01T23:34:58 IST" name="Suite" finished-at="2023-09-01T23:34:58 IST" duration-ms="123">
    <groups>
      <group name="smoke">
        <method signature="A2.C1()[pri:0, instance:demo.A2@128d2484]" name="C1" class="demo.A2"/>
        <method signature="A2.C3()[pri:0, instance:demo.A2@128d2484]" name="C3" class="demo.A2"/>
      </group> <!-- smoke -->
    </groups>
    <test started-at="2023-09-01T23:34:58 IST" name="Test" finished-at="2023-09-01T23:34:58 IST" duration-ms="123">
      <class name="demo.A2">
        <test-method signature="C1()[pri:0, instance:demo.A2@128d2484]" started-at="2023-09-01T23:34:58 IST" name="C1" finished-at="2023-09-01T23:34:58 IST" duration-ms="16" status="PASS">
          <reporter-output>
          </reporter-output>
        </test-method> <!-- C1 -->
        <test-method signature="C3()[pri:0, instance:demo.A2@128d2484]" started-at="2023-09-01T23:34:58 IST" name="C3" finished-at="2023-09-01T23:34:58 IST" duration-ms="4" status="PASS">
          <reporter-output>
          </reporter-output>
        </test-method> <!-- C3 -->
      </class> <!-- demo.A2 -->
    </test> <!-- Test -->
  </suite> <!-- Suite -->
</testng-results>
